<?xml version="1.0" encoding="UTF-8"?>
<!-- Generated by org.testng.reporters.JUnitReportReporter -->
<testsuite hostname="PRO-RAET-AVINASH" failures="0" tests="10" name="com.test.OnvocationCountTest" time="0.020" errors="0" timestamp="28 Sep 2018 09:46:28 GMT" skipped="0">
  <testcase classname="com.test.OnvocationCountTest" name="sum" time="0.003"/>
  <testcase classname="com.test.OnvocationCountTest" name="sum" time="0.001"/>
  <testcase classname="com.test.OnvocationCountTest" name="sum" time="0.001"/>
  <testcase classname="com.test.OnvocationCountTest" name="sum" time="0.001"/>
  <testcase classname="com.test.OnvocationCountTest" name="sum" time="0.002"/>
  <testcase classname="com.test.OnvocationCountTest" name="sum" time="0.009"/>
  <testcase classname="com.test.OnvocationCountTest" name="sum" time="0.001"/>
  <testcase classname="com.test.OnvocationCountTest" name="sum" time="0.001"/>
  <testcase classname="com.test.OnvocationCountTest" name="sum" time="0.000"/>
  <testcase classname="com.test.OnvocationCountTest" name="sum" time="0.001"/>
</testsuite> <!-- com.test.OnvocationCountTest -->
