<?xml version="1.0" encoding="UTF-8"?>
<!-- Generated by org.testng.reporters.JUnitReportReporter -->
<testsuite hostname="PRO-RAET-AVINASH" failures="0" tests="3" name="com.test.TestNgFeatures" time="0.004" errors="0" timestamp="28 Sep 2018 10:33:02 GMT" skipped="0">
  <testcase classname="com.test.TestNgFeatures" name="HomepageTest" time="0.001"/>
  <testcase classname="com.test.TestNgFeatures" name="SearchTest" time="0.001"/>
  <testcase classname="com.test.TestNgFeatures" name="LoginTest" time="0.002"/>
</testsuite> <!-- com.test.TestNgFeatures -->
