<?xml version="1.0" encoding="UTF-8"?>
<!-- Generated by org.testng.reporters.JUnitReportReporter -->
<testsuite hostname="PRO-RAET-AVINASH" failures="0" tests="4" name="com.test.HalfEbdayTest" time="46.970" errors="0" timestamp="04 Oct 2018 13:51:10 GMT" skipped="0">
  <testcase classname="com.test.HalfEbdayTest" name="halfEbayRegPageTest" time="10.709"/>
  <testcase classname="com.test.HalfEbdayTest" name="halfEbayRegPageTest" time="14.088"/>
  <testcase classname="com.test.HalfEbdayTest" name="halfEbayRegPageTest" time="10.363"/>
  <testcase classname="com.test.HalfEbdayTest" name="halfEbayRegPageTest" time="11.810"/>
</testsuite> <!-- com.test.HalfEbdayTest -->
