<?xml version="1.0" encoding="UTF-8"?>
<!-- Generated by org.testng.reporters.JUnitReportReporter -->
<testsuite skipped="0" hostname="PRO-RAET-AVINASH" name="com.test.DownloadFileConcept" tests="1" failures="0" timestamp="16 Oct 2018 11:18:27 GMT" time="10.193" errors="0">
  <testcase name="downloadFileTest" time="10.193" classname="com.test.DownloadFileConcept"/>
</testsuite> <!-- com.test.DownloadFileConcept -->
