<?xml version="1.0" encoding="UTF-8"?>
<!-- Generated by org.testng.reporters.JUnitReportReporter -->
<testsuite hostname="PRO-RAET-AVINASH" failures="0" tests="1" name="com.test.ParameterAnnotationTest" time="8.774" errors="0" timestamp="28 Sep 2018 10:33:02 GMT" skipped="0">
  <testcase classname="com.test.ParameterAnnotationTest" name="yahooLoginTest" time="8.774"/>
</testsuite> <!-- com.test.ParameterAnnotationTest -->
