<?xml version="1.0" encoding="UTF-8"?>
<!-- Generated by org.testng.reporters.JUnitReportReporter -->
<testsuite skipped="0" hostname="PRO-RAET-AVINASH" name="com.test.TestNgFeatures" tests="3" failures="0" timestamp="11 Oct 2018 06:44:11 GMT" time="0.000" errors="0">
  <testcase name="SearchTest" time="0.000" classname="com.test.TestNgFeatures"/>
  <testcase name="LoginTest" time="0.000" classname="com.test.TestNgFeatures"/>
  <testcase name="HomepageTest" time="0.000" classname="com.test.TestNgFeatures"/>
</testsuite> <!-- com.test.TestNgFeatures -->
