<?xml version="1.0" encoding="UTF-8"?>
<!-- Generated by org.testng.reporters.JUnitReportReporter -->
<testsuite skipped="0" hostname="PRO-RAET-AVINASH" name="com.test.ParameterAnnotationTest" tests="1" failures="0" timestamp="11 Oct 2018 06:44:11 GMT" time="0.000" errors="0">
  <testcase name="yahooLoginTest" time="0.000" classname="com.test.ParameterAnnotationTest"/>
</testsuite> <!-- com.test.ParameterAnnotationTest -->
