<?xml version="1.0" encoding="UTF-8"?>
<!-- Generated by org.testng.reporters.JUnitReportReporter -->
<testsuite hostname="PRO-RAET-AVINASH" failures="0" tests="2" name="com.test.TestNgBasics" time="0.015" errors="0" timestamp="27 Sep 2018 07:18:53 GMT" skipped="0">
  <testcase classname="com.test.TestNgBasics" name="googleTitleTest" time="0.010"/>
  <testcase classname="com.test.TestNgBasics" name="searchTest" time="0.005"/>
</testsuite> <!-- com.test.TestNgBasics -->
